[2026-03-07 13:49:16] ======================================================================
[2026-03-07 13:49:16] FLM V4 — CONCEPT AUTOENCODER V4 (Hard Neg + Spectral Spread)
[2026-03-07 13:49:16] ======================================================================
[2026-03-07 13:49:20] Tokenizer: vocab_size=30522
[2026-03-07 13:49:20] Starting fresh training...
[2026-03-07 13:49:20] Model: 54,766,464 params (54.8M)
[2026-03-07 13:49:20] Bottleneck: 8 concepts x 128 dim = 1024 total dims
[2026-03-07 13:49:20] Compiling model with torch.compile...
[2026-03-07 13:49:21] Loading data...
[2026-03-07 13:49:27]   Reconstruction texts: 3,503,109
[2026-03-07 13:49:35]   Positive pairs: 667,818
[2026-03-07 13:49:35]   Hard negative pairs: 339,146
[2026-03-07 13:49:35]   STS graded pairs: 8,184
[2026-03-07 13:49:35] 
--- INITIAL DIAGNOSTICS ---
[2026-03-07 13:49:36]   +0.2357  [paraphrase  ] the massive cat stepped on the rug  <->  there was a rug that a massive cat stepped on
[2026-03-07 13:49:36]   +0.5083  [paraphrase  ] the king died  <->  the monarch passed away
[2026-03-07 13:49:36]   +0.2749  [crosslingual] the cat sat on the mat  <->  le chat etait assis sur le tapis
[2026-03-07 13:49:36]   +0.4800  [unrelated   ] the cat sat on the mat  <->  the stock market crashed today
[2026-03-07 13:49:36]   +0.9998  [word_order  ] the dog bit the man  <->  the man bit the dog
[2026-03-07 13:49:36]   +0.7896  [binding     ] the purple man licked the sucker  <->  the man licked a purple sucker
[2026-03-07 13:49:36]   +0.9995  [word_order  ] alice likes bob  <->  bob likes alice
[2026-03-07 13:49:36]   +0.6783  [word_order  ] she gave him a book  <->  he gave her a book
[2026-03-07 13:49:36] 
Training plan (V4 — Hard Negatives + Spectral Spread):
[2026-03-07 13:49:36]   Encoder: 384h x 6L x 6heads
[2026-03-07 13:49:36]   Decoder: 384h x 6L x 6heads
[2026-03-07 13:49:36]   Bottleneck: 8 x 128 = 1024 dims
[2026-03-07 13:49:36]   Batch: 64 recon + 128 pairs + 64 hard neg
[2026-03-07 13:49:36]   Peak LR: 0.0003 | Steps: 0 -> 200000
[2026-03-07 13:49:36]   Recon weight: smooth decay (floor=0.2)
[2026-03-07 13:49:36]   Geometry: nce=1.0 wo=0.5 decorr=1.0 dimvar=1.0 sts=0.5
[2026-03-07 13:49:36]   Data: 667,818 pos + 339,146 hard neg + 8,184 STS
[2026-03-07 13:49:36] ----------------------------------------------------------------------
[2026-03-07 13:49:36] Prefetch buffer started (4 threads)
[2026-03-07 13:50:56] step      50 | loss 20.8515 (recon=9.838 nce=3.965 wo=0.601 decorr=0.997 dimvar=0.054 sts=0.136) [rw=2.00 gw=0.09] | p_sim=0.552 n_sim=0.350 wo_sim=0.979 | lr 7.50e-06 | 0.0%
[2026-03-07 13:51:18] step     100 | loss 20.1763 (recon=9.211 nce=2.922 wo=0.603 decorr=0.998 dimvar=0.057 sts=0.178) [rw=2.00 gw=0.10] | p_sim=0.630 n_sim=0.276 wo_sim=0.981 | lr 1.50e-05 | 0.1%
[2026-03-07 13:51:39] step     150 | loss 18.9702 (recon=8.683 nce=2.384 wo=0.642 decorr=0.998 dimvar=0.028 sts=0.207) [rw=2.00 gw=0.10] | p_sim=0.653 n_sim=0.222 wo_sim=0.986 | lr 2.25e-05 | 0.1%
[2026-03-07 13:52:01] step     200 | loss 17.7921 (recon=8.026 nce=2.603 wo=0.610 decorr=0.999 dimvar=0.028 sts=0.208) [rw=2.00 gw=0.11] | p_sim=0.599 n_sim=0.172 wo_sim=0.985 | lr 3.00e-05 | 0.1%
[2026-03-07 13:52:21] step     250 | loss 16.5613 (recon=7.437 nce=1.992 wo=0.621 decorr=0.998 dimvar=0.038 sts=0.185) [rw=2.00 gw=0.12] | p_sim=0.646 n_sim=0.171 wo_sim=0.988 | lr 3.75e-05 | 0.1%
[2026-03-07 13:52:43] step     300 | loss 15.4289 (recon=7.102 nce=1.991 wo=0.656 decorr=0.999 dimvar=0.055 sts=0.190) [rw=2.00 gw=0.12] | p_sim=0.626 n_sim=0.135 wo_sim=0.987 | lr 4.50e-05 | 0.1%
[2026-03-07 13:53:03] step     350 | loss 14.4869 (recon=6.666 nce=1.885 wo=0.627 decorr=0.999 dimvar=0.054 sts=0.157) [rw=2.00 gw=0.13] | p_sim=0.631 n_sim=0.135 wo_sim=0.988 | lr 5.25e-05 | 0.2%
[2026-03-07 13:53:24] step     400 | loss 13.8109 (recon=6.416 nce=2.114 wo=0.620 decorr=0.999 dimvar=0.036 sts=0.184) [rw=2.00 gw=0.13] | p_sim=0.592 n_sim=0.112 wo_sim=0.988 | lr 6.00e-05 | 0.2%
[2026-03-07 13:53:46] step     450 | loss 13.3196 (recon=6.417 nce=1.829 wo=0.622 decorr=0.999 dimvar=0.045 sts=0.170) [rw=2.00 gw=0.13] | p_sim=0.638 n_sim=0.130 wo_sim=0.989 | lr 6.75e-05 | 0.2%
[2026-03-07 13:54:07] step     500 | loss 12.9186 (recon=5.948 nce=1.711 wo=0.636 decorr=0.999 dimvar=0.028 sts=0.226) [rw=2.00 gw=0.14] | p_sim=0.628 n_sim=0.104 wo_sim=0.989 | lr 7.50e-05 | 0.2%
[2026-03-07 13:54:08]   EVAL: para_sim=0.497 wo_sim=0.953 unrelated_sim=0.574 | rank90=31 rank95=38
[2026-03-07 13:54:08]     +0.5351  [paraphrase  ] the massive cat stepped on the rug <-> there was a rug that a massive cat stepped on
[2026-03-07 13:54:08]     +0.4595  [paraphrase  ] the king died <-> the monarch passed away
[2026-03-07 13:54:08]     +0.2577  [crosslingual] the cat sat on the mat <-> le chat etait assis sur le tapis
[2026-03-07 13:54:08]     +0.5743  [unrelated   ] the cat sat on the mat <-> the stock market crashed today
[2026-03-07 13:54:08]     +0.9998  [word_order  ] the dog bit the man <-> the man bit the dog
[2026-03-07 13:54:08]     +0.9649  [binding     ] the purple man licked the sucker <-> the man licked a purple sucker
[2026-03-07 13:54:08]     +0.9996  [word_order  ] alice likes bob <-> bob likes alice
[2026-03-07 13:54:08]     +0.8601  [word_order  ] she gave him a book <-> he gave her a book
[2026-03-07 13:54:29] step     550 | loss 12.5845 (recon=5.902 nce=1.671 wo=0.634 decorr=0.999 dimvar=0.042 sts=0.198) [rw=2.00 gw=0.14] | p_sim=0.648 n_sim=0.129 wo_sim=0.990 | lr 8.25e-05 | 0.3%
[2026-03-07 13:54:50] step     600 | loss 12.3019 (recon=5.820 nce=1.738 wo=0.636 decorr=0.999 dimvar=0.033 sts=0.199) [rw=2.00 gw=0.15] | p_sim=0.618 n_sim=0.090 wo_sim=0.991 | lr 9.00e-05 | 0.3%
[2026-03-07 13:55:11] step     650 | loss 12.0722 (recon=5.567 nce=1.406 wo=0.624 decorr=0.999 dimvar=0.034 sts=0.101) [rw=2.00 gw=0.15] | p_sim=0.658 n_sim=0.111 wo_sim=0.989 | lr 9.75e-05 | 0.3%
[2026-03-07 13:55:32] step     700 | loss 11.8783 (recon=5.624 nce=1.286 wo=0.655 decorr=0.999 dimvar=0.036 sts=0.085) [rw=2.00 gw=0.15] | p_sim=0.677 n_sim=0.102 wo_sim=0.993 | lr 1.05e-04 | 0.4%
[2026-03-07 13:55:53] step     750 | loss 11.6077 (recon=5.222 nce=1.413 wo=0.654 decorr=0.999 dimvar=0.039 sts=0.157) [rw=2.00 gw=0.16] | p_sim=0.659 n_sim=0.100 wo_sim=0.992 | lr 1.12e-04 | 0.4%
[2026-03-07 13:56:14] step     800 | loss 11.3811 (recon=5.425 nce=1.416 wo=0.646 decorr=0.999 dimvar=0.044 sts=0.151) [rw=2.00 gw=0.16] | p_sim=0.693 n_sim=0.128 wo_sim=0.991 | lr 1.20e-04 | 0.4%
[2026-03-07 13:56:35] step     850 | loss 11.2384 (recon=5.192 nce=1.279 wo=0.639 decorr=0.999 dimvar=0.037 sts=0.164) [rw=2.00 gw=0.16] | p_sim=0.680 n_sim=0.107 wo_sim=0.991 | lr 1.28e-04 | 0.4%
[2026-03-07 13:56:56] step     900 | loss 11.0189 (recon=5.163 nce=1.274 wo=0.650 decorr=0.999 dimvar=0.038 sts=0.183) [rw=2.00 gw=0.16] | p_sim=0.658 n_sim=0.071 wo_sim=0.992 | lr 1.35e-04 | 0.4%
[2026-03-07 13:57:17] step     950 | loss 10.7398 (recon=5.137 nce=1.250 wo=0.635 decorr=0.989 dimvar=0.036 sts=0.168) [rw=2.00 gw=0.16] | p_sim=0.667 n_sim=0.072 wo_sim=0.991 | lr 1.42e-04 | 0.5%
[2026-03-07 13:57:38] step    1000 | loss 10.5319 (recon=4.889 nce=1.272 wo=0.655 decorr=0.747 dimvar=0.041 sts=0.176) [rw=2.00 gw=0.17] | p_sim=0.696 n_sim=0.153 wo_sim=0.992 | lr 1.50e-04 | 0.5%
[2026-03-07 13:57:39]   EVAL: para_sim=0.567 wo_sim=0.963 unrelated_sim=0.391 | rank90=30 rank95=37
[2026-03-07 13:57:39]     +0.4401  [paraphrase  ] the massive cat stepped on the rug <-> there was a rug that a massive cat stepped on
[2026-03-07 13:57:39]     +0.6940  [paraphrase  ] the king died <-> the monarch passed away
[2026-03-07 13:57:39]     +0.1075  [crosslingual] the cat sat on the mat <-> le chat etait assis sur le tapis
[2026-03-07 13:57:39]     +0.3908  [unrelated   ] the cat sat on the mat <-> the stock market crashed today
[2026-03-07 13:57:39]     +0.9966  [word_order  ] the dog bit the man <-> the man bit the dog
[2026-03-07 13:57:39]     +0.9687  [binding     ] the purple man licked the sucker <-> the man licked a purple sucker
[2026-03-07 13:57:39]     +0.9981  [word_order  ] alice likes bob <-> bob likes alice
[2026-03-07 13:57:39]     +0.8947  [word_order  ] she gave him a book <-> he gave her a book
[2026-03-07 13:58:00] step    1050 | loss 10.3844 (recon=5.130 nce=1.324 wo=0.655 decorr=0.621 dimvar=0.046 sts=0.154) [rw=2.00 gw=0.16] | p_sim=0.717 n_sim=0.219 wo_sim=0.993 | lr 1.57e-04 | 0.5%
[2026-03-07 13:58:21] step    1100 | loss 10.2272 (recon=4.692 nce=1.318 wo=0.653 decorr=0.618 dimvar=0.048 sts=0.165) [rw=2.00 gw=0.18] | p_sim=0.717 n_sim=0.209 wo_sim=0.992 | lr 1.65e-04 | 0.5%
[2026-03-07 13:58:41] step    1150 | loss 10.0204 (recon=4.744 nce=1.216 wo=0.647 decorr=0.549 dimvar=0.041 sts=0.191) [rw=2.00 gw=0.17] | p_sim=0.723 n_sim=0.203 wo_sim=0.990 | lr 1.72e-04 | 0.6%
[2026-03-07 13:59:02] step    1200 | loss 9.8621 (recon=4.794 nce=1.300 wo=0.655 decorr=0.554 dimvar=0.051 sts=0.120) [rw=2.00 gw=0.17] | p_sim=0.716 n_sim=0.201 wo_sim=0.993 | lr 1.80e-04 | 0.6%
[2026-03-07 13:59:23] step    1250 | loss 9.7417 (recon=4.421 nce=1.190 wo=0.642 decorr=0.546 dimvar=0.045 sts=0.155) [rw=2.00 gw=0.18] | p_sim=0.711 n_sim=0.168 wo_sim=0.991 | lr 1.87e-04 | 0.6%
[2026-03-07 13:59:45] step    1300 | loss 9.5850 (recon=4.569 nce=1.109 wo=0.641 decorr=0.550 dimvar=0.047 sts=0.118) [rw=2.00 gw=0.18] | p_sim=0.724 n_sim=0.170 wo_sim=0.990 | lr 1.95e-04 | 0.7%
[2026-03-07 14:00:06] step    1350 | loss 9.3730 (recon=4.506 nce=1.224 wo=0.615 decorr=0.529 dimvar=0.034 sts=0.136) [rw=2.00 gw=0.18] | p_sim=0.697 n_sim=0.155 wo_sim=0.987 | lr 2.02e-04 | 0.7%
[2026-03-07 14:00:27] step    1400 | loss 9.1895 (recon=4.139 nce=1.116 wo=0.562 decorr=0.503 dimvar=0.044 sts=0.127) [rw=2.00 gw=0.19] | p_sim=0.697 n_sim=0.134 wo_sim=0.978 | lr 2.10e-04 | 0.7%
[2026-03-07 14:00:48] step    1450 | loss 9.1388 (recon=4.140 nce=1.390 wo=0.554 decorr=0.532 dimvar=0.043 sts=0.143) [rw=2.00 gw=0.19] | p_sim=0.654 n_sim=0.128 wo_sim=0.976 | lr 2.17e-04 | 0.7%
[2026-03-07 14:01:09] step    1500 | loss 8.9543 (recon=4.284 nce=1.203 wo=0.534 decorr=0.483 dimvar=0.045 sts=0.102) [rw=2.00 gw=0.19] | p_sim=0.699 n_sim=0.152 wo_sim=0.973 | lr 2.25e-04 | 0.8%
[2026-03-07 14:01:09]   EVAL: para_sim=0.508 wo_sim=0.937 unrelated_sim=0.323 | rank90=36 rank95=47
[2026-03-07 14:01:09]     +0.5763  [paraphrase  ] the massive cat stepped on the rug <-> there was a rug that a massive cat stepped on
[2026-03-07 14:01:09]     +0.4391  [paraphrase  ] the king died <-> the monarch passed away
[2026-03-07 14:01:09]     +0.4525  [crosslingual] the cat sat on the mat <-> le chat etait assis sur le tapis
[2026-03-07 14:01:09]     +0.3229  [unrelated   ] the cat sat on the mat <-> the stock market crashed today
[2026-03-07 14:01:09]     +0.9441  [word_order  ] the dog bit the man <-> the man bit the dog
[2026-03-07 14:01:09]     +0.9378  [binding     ] the purple man licked the sucker <-> the man licked a purple sucker
[2026-03-07 14:01:09]     +0.9964  [word_order  ] alice likes bob <-> bob likes alice
[2026-03-07 14:01:09]     +0.8713  [word_order  ] she gave him a book <-> he gave her a book
[2026-03-07 14:01:30] step    1550 | loss 8.7301 (recon=3.972 nce=1.042 wo=0.500 decorr=0.496 dimvar=0.043 sts=0.177) [rw=2.00 gw=0.20] | p_sim=0.695 n_sim=0.111 wo_sim=0.966 | lr 2.32e-04 | 0.8%
[2026-03-07 14:01:51] step    1600 | loss 8.6236 (recon=4.164 nce=1.169 wo=0.536 decorr=0.502 dimvar=0.037 sts=0.135) [rw=2.00 gw=0.19] | p_sim=0.675 n_sim=0.113 wo_sim=0.973 | lr 2.40e-04 | 0.8%
[2026-03-07 14:02:11] step    1650 | loss 8.4607 (recon=4.025 nce=0.851 wo=0.502 decorr=0.520 dimvar=0.046 sts=0.210) [rw=2.00 gw=0.20] | p_sim=0.673 n_sim=0.078 wo_sim=0.966 | lr 2.47e-04 | 0.8%
[2026-03-07 14:02:32] step    1700 | loss 8.2507 (recon=3.530 nce=1.154 wo=0.485 decorr=0.478 dimvar=0.038 sts=0.192) [rw=2.00 gw=0.22] | p_sim=0.675 n_sim=0.123 wo_sim=0.962 | lr 2.55e-04 | 0.9%
[2026-03-07 14:02:53] step    1750 | loss 8.1040 (recon=3.954 nce=1.168 wo=0.499 decorr=0.520 dimvar=0.044 sts=0.152) [rw=2.00 gw=0.20] | p_sim=0.640 n_sim=0.087 wo_sim=0.966 | lr 2.62e-04 | 0.9%
[2026-03-07 14:03:15] step    1800 | loss 8.0536 (recon=3.774 nce=1.134 wo=0.491 decorr=0.505 dimvar=0.040 sts=0.106) [rw=2.00 gw=0.21] | p_sim=0.638 n_sim=0.072 wo_sim=0.965 | lr 2.70e-04 | 0.9%
[2026-03-07 14:03:36] step    1850 | loss 8.0174 (recon=3.795 nce=0.860 wo=0.481 decorr=0.503 dimvar=0.046 sts=0.178) [rw=2.00 gw=0.21] | p_sim=0.662 n_sim=0.077 wo_sim=0.961 | lr 2.77e-04 | 0.9%
[2026-03-07 14:03:57] step    1900 | loss 7.8616 (recon=4.016 nce=0.918 wo=0.491 decorr=0.507 dimvar=0.041 sts=0.114) [rw=2.00 gw=0.20] | p_sim=0.677 n_sim=0.074 wo_sim=0.964 | lr 2.85e-04 | 0.9%
[2026-03-07 14:04:18] step    1950 | loss 7.6998 (recon=3.365 nce=0.916 wo=0.461 decorr=0.492 dimvar=0.043 sts=0.148) [rw=2.00 gw=0.23] | p_sim=0.643 n_sim=0.056 wo_sim=0.956 | lr 2.93e-04 | 1.0%
[2026-03-07 14:04:39] step    2000 | loss 7.5766 (recon=3.376 nce=0.737 wo=0.437 decorr=0.505 dimvar=0.039 sts=0.086) [rw=2.00 gw=0.23] | p_sim=0.666 n_sim=0.054 wo_sim=0.949 | lr 3.00e-04 | 1.0%
[2026-03-07 14:04:39]   EVAL: para_sim=0.557 wo_sim=0.883 unrelated_sim=0.047 | rank90=44 rank95=57
[2026-03-07 14:04:39]     +0.5341  [paraphrase  ] the massive cat stepped on the rug <-> there was a rug that a massive cat stepped on
[2026-03-07 14:04:39]     +0.5795  [paraphrase  ] the king died <-> the monarch passed away
[2026-03-07 14:04:39]     +0.2037  [crosslingual] the cat sat on the mat <-> le chat etait assis sur le tapis
[2026-03-07 14:04:39]     +0.0466  [unrelated   ] the cat sat on the mat <-> the stock market crashed today
[2026-03-07 14:04:39]     +0.7747  [word_order  ] the dog bit the man <-> the man bit the dog
[2026-03-07 14:04:39]     +0.8900  [binding     ] the purple man licked the sucker <-> the man licked a purple sucker
[2026-03-07 14:04:39]     +0.9988  [word_order  ] alice likes bob <-> bob likes alice
[2026-03-07 14:04:39]     +0.8749  [word_order  ] she gave him a book <-> he gave her a book
[2026-03-07 14:04:39] --- RECONSTRUCTION SAMPLES ---
[2026-03-07 14:04:40]   [DIFF] the purple man licked the sucker
[2026-03-07 14:04:40]         -> the man then the man wears the blue hat and the man was
[2026-03-07 14:04:40]   [DIFF] the man licked a purple sucker
[2026-03-07 14:04:40]         -> the man who saw a man, one man and a lady has
[2026-03-07 14:04:40]   [DIFF] the dog bit the man
[2026-03-07 14:04:40]         -> the man he saw the man, the dog are in the
[2026-03-07 14:04:40]   [DIFF] the man bit the dog
[2026-03-07 14:04:40]         -> the man in the dog as a large dog
[2026-03-07 14:04:40]   [DIFF] she runs every morning
[2026-03-07 14:04:40]         -> she was home for 2 - she was reading.
[2026-03-07 14:05:01] step    2050 | loss 7.4818 (recon=3.505 nce=0.960 wo=0.473 decorr=0.485 dimvar=0.038 sts=0.118) [rw=2.00 gw=0.22] | p_sim=0.638 n_sim=0.079 wo_sim=0.959 | lr 3.00e-04 | 1.0%
[2026-03-07 14:05:22] step    2100 | loss 7.3813 (recon=3.182 nce=1.028 wo=0.411 decorr=0.496 dimvar=0.036 sts=0.088) [rw=2.00 gw=0.24] | p_sim=0.632 n_sim=0.057 wo_sim=0.940 | lr 3.00e-04 | 1.1%
[2026-03-07 14:05:43] step    2150 | loss 7.2375 (recon=3.562 nce=0.871 wo=0.450 decorr=0.510 dimvar=0.037 sts=0.118) [rw=2.00 gw=0.22] | p_sim=0.642 n_sim=0.058 wo_sim=0.953 | lr 3.00e-04 | 1.1%
[2026-03-07 14:06:04] step    2200 | loss 7.1498 (recon=3.035 nce=0.902 wo=0.431 decorr=0.473 dimvar=0.038 sts=0.132) [rw=2.00 gw=0.25] | p_sim=0.642 n_sim=0.066 wo_sim=0.950 | lr 3.00e-04 | 1.1%
[2026-03-07 14:06:25] step    2250 | loss 7.0623 (recon=3.487 nce=0.861 wo=0.491 decorr=0.495 dimvar=0.042 sts=0.083) [rw=2.00 gw=0.22] | p_sim=0.651 n_sim=0.057 wo_sim=0.963 | lr 3.00e-04 | 1.1%
[2026-03-07 14:06:46] step    2300 | loss 6.9418 (recon=3.156 nce=0.886 wo=0.455 decorr=0.483 dimvar=0.035 sts=0.123) [rw=2.00 gw=0.24] | p_sim=0.636 n_sim=0.066 wo_sim=0.950 | lr 3.00e-04 | 1.1%
[2026-03-07 14:07:08] step    2350 | loss 6.8629 (recon=3.453 nce=0.830 wo=0.454 decorr=0.498 dimvar=0.036 sts=0.095) [rw=2.00 gw=0.22] | p_sim=0.641 n_sim=0.052 wo_sim=0.953 | lr 3.00e-04 | 1.2%
[2026-03-07 14:07:29] step    2400 | loss 6.7743 (recon=2.955 nce=0.851 wo=0.428 decorr=0.490 dimvar=0.038 sts=0.107) [rw=2.00 gw=0.25] | p_sim=0.639 n_sim=0.046 wo_sim=0.949 | lr 3.00e-04 | 1.2%
[2026-03-07 14:07:50] step    2450 | loss 6.6435 (recon=3.126 nce=0.979 wo=0.442 decorr=0.484 dimvar=0.028 sts=0.124) [rw=2.00 gw=0.24] | p_sim=0.628 n_sim=0.063 wo_sim=0.945 | lr 3.00e-04 | 1.2%
[2026-03-07 14:08:11] step    2500 | loss 6.4916 (recon=2.801 nce=0.836 wo=0.423 decorr=0.480 dimvar=0.028 sts=0.138) [rw=2.00 gw=0.26] | p_sim=0.642 n_sim=0.052 wo_sim=0.944 | lr 3.00e-04 | 1.2%
[2026-03-07 14:08:12]   EVAL: para_sim=0.668 wo_sim=0.830 unrelated_sim=0.095 | rank90=48 rank95=61
[2026-03-07 14:08:12]     +0.7215  [paraphrase  ] the massive cat stepped on the rug <-> there was a rug that a massive cat stepped on
[2026-03-07 14:08:12]     +0.6136  [paraphrase  ] the king died <-> the monarch passed away
[2026-03-07 14:08:12]     +0.2933  [crosslingual] the cat sat on the mat <-> le chat etait assis sur le tapis
[2026-03-07 14:08:12]     +0.0954  [unrelated   ] the cat sat on the mat <-> the stock market crashed today
[2026-03-07 14:08:12]     +0.6422  [word_order  ] the dog bit the man <-> the man bit the dog
[2026-03-07 14:08:12]     +0.7993  [binding     ] the purple man licked the sucker <-> the man licked a purple sucker
[2026-03-07 14:08:12]     +0.9769  [word_order  ] alice likes bob <-> bob likes alice
[2026-03-07 14:08:12]     +0.8716  [word_order  ] she gave him a book <-> he gave her a book
[2026-03-07 14:08:33] step    2550 | loss 6.4256 (recon=3.087 nce=0.967 wo=0.420 decorr=0.497 dimvar=0.030 sts=0.096) [rw=2.00 gw=0.24] | p_sim=0.605 n_sim=0.045 wo_sim=0.938 | lr 3.00e-04 | 1.3%
[2026-03-07 14:08:54] step    2600 | loss 6.3415 (recon=3.109 nce=0.899 wo=0.413 decorr=0.487 dimvar=0.031 sts=0.099) [rw=2.00 gw=0.24] | p_sim=0.614 n_sim=0.040 wo_sim=0.938 | lr 3.00e-04 | 1.3%
[2026-03-07 14:09:15] step    2650 | loss 6.2190 (recon=2.769 nce=0.800 wo=0.404 decorr=0.479 dimvar=0.032 sts=0.159) [rw=2.00 gw=0.27] | p_sim=0.630 n_sim=0.041 wo_sim=0.935 | lr 3.00e-04 | 1.3%
[2026-03-07 14:09:36] step    2700 | loss 6.1819 (recon=2.850 nce=0.913 wo=0.440 decorr=0.485 dimvar=0.030 sts=0.086) [rw=2.00 gw=0.26] | p_sim=0.642 n_sim=0.053 wo_sim=0.949 | lr 3.00e-04 | 1.4%
[2026-03-07 14:09:57] step    2750 | loss 6.1041 (recon=2.696 nce=0.696 wo=0.416 decorr=0.488 dimvar=0.039 sts=0.077) [rw=2.00 gw=0.27] | p_sim=0.649 n_sim=0.052 wo_sim=0.939 | lr 3.00e-04 | 1.4%
[2026-03-07 14:10:18] step    2800 | loss 5.9918 (recon=2.673 nce=0.903 wo=0.389 decorr=0.478 dimvar=0.037 sts=0.126) [rw=2.00 gw=0.27] | p_sim=0.632 n_sim=0.048 wo_sim=0.926 | lr 3.00e-04 | 1.4%
[2026-03-07 14:10:39] step    2850 | loss 5.9325 (recon=2.774 nce=0.800 wo=0.379 decorr=0.472 dimvar=0.038 sts=0.098) [rw=2.00 gw=0.26] | p_sim=0.629 n_sim=0.041 wo_sim=0.922 | lr 3.00e-04 | 1.4%
[2026-03-07 14:11:00] step    2900 | loss 5.9101 (recon=2.967 nce=1.013 wo=0.469 decorr=0.488 dimvar=0.038 sts=0.145) [rw=2.00 gw=0.25] | p_sim=0.623 n_sim=0.046 wo_sim=0.954 | lr 3.00e-04 | 1.5%
[2026-03-07 14:11:21] step    2950 | loss 5.8527 (recon=2.841 nce=0.783 wo=0.416 decorr=0.493 dimvar=0.030 sts=0.101) [rw=2.00 gw=0.26] | p_sim=0.630 n_sim=0.035 wo_sim=0.934 | lr 3.00e-04 | 1.5%
[2026-03-07 14:11:42] step    3000 | loss 5.7935 (recon=2.648 nce=0.856 wo=0.416 decorr=0.487 dimvar=0.036 sts=0.048) [rw=2.00 gw=0.27] | p_sim=0.619 n_sim=0.040 wo_sim=0.942 | lr 3.00e-04 | 1.5%
[2026-03-07 14:11:43]   EVAL: para_sim=0.667 wo_sim=0.870 unrelated_sim=0.217 | rank90=48 rank95=61
[2026-03-07 14:11:43]     +0.6536  [paraphrase  ] the massive cat stepped on the rug <-> there was a rug that a massive cat stepped on
[2026-03-07 14:11:43]     +0.6809  [paraphrase  ] the king died <-> the monarch passed away
[2026-03-07 14:11:43]     +0.3831  [crosslingual] the cat sat on the mat <-> le chat etait assis sur le tapis
[2026-03-07 14:11:43]     +0.2167  [unrelated   ] the cat sat on the mat <-> the stock market crashed today
[2026-03-07 14:11:43]     +0.7350  [word_order  ] the dog bit the man <-> the man bit the dog
[2026-03-07 14:11:43]     +0.6956  [binding     ] the purple man licked the sucker <-> the man licked a purple sucker
[2026-03-07 14:11:43]     +0.9892  [word_order  ] alice likes bob <-> bob likes alice
[2026-03-07 14:11:43]     +0.8851  [word_order  ] she gave him a book <-> he gave her a book
[2026-03-07 14:12:04] step    3050 | loss 5.6692 (recon=2.355 nce=0.742 wo=0.416 decorr=0.484 dimvar=0.035 sts=0.107) [rw=2.00 gw=0.30] | p_sim=0.635 n_sim=0.035 wo_sim=0.941 | lr 3.00e-04 | 1.5%
[2026-03-07 14:12:25] step    3100 | loss 5.6265 (recon=2.493 nce=0.896 wo=0.425 decorr=0.490 dimvar=0.033 sts=0.099) [rw=2.00 gw=0.29] | p_sim=0.625 n_sim=0.040 wo_sim=0.937 | lr 3.00e-04 | 1.6%
[2026-03-07 14:12:47] step    3150 | loss 5.5971 (recon=2.840 nce=0.919 wo=0.461 decorr=0.483 dimvar=0.036 sts=0.141) [rw=2.00 gw=0.26] | p_sim=0.631 n_sim=0.047 wo_sim=0.953 | lr 3.00e-04 | 1.6%
[2026-03-07 14:13:08] step    3200 | loss 5.5201 (recon=2.392 nce=0.617 wo=0.400 decorr=0.480 dimvar=0.038 sts=0.114) [rw=2.00 gw=0.29] | p_sim=0.655 n_sim=0.034 wo_sim=0.933 | lr 3.00e-04 | 1.6%
[2026-03-07 14:13:29] step    3250 | loss 5.4252 (recon=2.330 nce=0.871 wo=0.393 decorr=0.476 dimvar=0.033 sts=0.109) [rw=2.00 gw=0.30] | p_sim=0.631 n_sim=0.035 wo_sim=0.927 | lr 3.00e-04 | 1.6%
[2026-03-07 14:13:50] step    3300 | loss 5.3821 (recon=2.386 nce=0.945 wo=0.432 decorr=0.476 dimvar=0.031 sts=0.087) [rw=2.00 gw=0.30] | p_sim=0.618 n_sim=0.040 wo_sim=0.941 | lr 3.00e-04 | 1.7%
[2026-03-07 14:14:12] step    3350 | loss 5.3887 (recon=2.456 nce=0.598 wo=0.455 decorr=0.479 dimvar=0.034 sts=0.125) [rw=2.00 gw=0.29] | p_sim=0.652 n_sim=0.031 wo_sim=0.940 | lr 3.00e-04 | 1.7%
[2026-03-07 14:14:33] step    3400 | loss 5.3093 (recon=2.450 nce=0.756 wo=0.430 decorr=0.490 dimvar=0.029 sts=0.142) [rw=2.00 gw=0.29] | p_sim=0.636 n_sim=0.032 wo_sim=0.934 | lr 3.00e-04 | 1.7%
[2026-03-07 14:14:55] step    3450 | loss 5.2440 (recon=2.420 nce=0.831 wo=0.402 decorr=0.485 dimvar=0.034 sts=0.094) [rw=2.00 gw=0.29] | p_sim=0.647 n_sim=0.030 wo_sim=0.923 | lr 3.00e-04 | 1.7%
[2026-03-07 14:15:16] step    3500 | loss 5.2184 (recon=2.577 nce=0.705 wo=0.470 decorr=0.500 dimvar=0.035 sts=0.150) [rw=2.00 gw=0.28] | p_sim=0.628 n_sim=0.026 wo_sim=0.949 | lr 3.00e-04 | 1.8%
[2026-03-07 14:15:16]   EVAL: para_sim=0.559 wo_sim=0.786 unrelated_sim=0.201 | rank90=48 rank95=62
[2026-03-07 14:15:16]     +0.5142  [paraphrase  ] the massive cat stepped on the rug <-> there was a rug that a massive cat stepped on
[2026-03-07 14:15:16]     +0.6035  [paraphrase  ] the king died <-> the monarch passed away
[2026-03-07 14:15:16]     +0.3108  [crosslingual] the cat sat on the mat <-> le chat etait assis sur le tapis
[2026-03-07 14:15:16]     +0.2011  [unrelated   ] the cat sat on the mat <-> the stock market crashed today
[2026-03-07 14:15:16]     +0.5908  [word_order  ] the dog bit the man <-> the man bit the dog
[2026-03-07 14:15:16]     +0.6839  [binding     ] the purple man licked the sucker <-> the man licked a purple sucker
[2026-03-07 14:15:16]     +0.9314  [word_order  ] alice likes bob <-> bob likes alice
[2026-03-07 14:15:16]     +0.8364  [word_order  ] she gave him a book <-> he gave her a book
[2026-03-07 14:15:37] step    3550 | loss 5.1946 (recon=2.509 nce=0.854 wo=0.410 decorr=0.498 dimvar=0.032 sts=0.101) [rw=2.00 gw=0.28] | p_sim=0.616 n_sim=0.034 wo_sim=0.931 | lr 3.00e-04 | 1.8%
[2026-03-07 14:15:58] step    3600 | loss 5.1281 (recon=2.347 nce=0.820 wo=0.417 decorr=0.481 dimvar=0.033 sts=0.119) [rw=2.00 gw=0.30] | p_sim=0.636 n_sim=0.056 wo_sim=0.932 | lr 3.00e-04 | 1.8%
[2026-03-07 14:16:19] step    3650 | loss 5.0043 (recon=1.989 nce=0.723 wo=0.401 decorr=0.471 dimvar=0.032 sts=0.111) [rw=1.99 gw=0.33] | p_sim=0.652 n_sim=0.028 wo_sim=0.922 | lr 3.00e-04 | 1.8%
[2026-03-07 14:16:41] step    3700 | loss 4.9210 (recon=2.079 nce=0.653 wo=0.363 decorr=0.466 dimvar=0.037 sts=0.089) [rw=2.00 gw=0.32] | p_sim=0.634 n_sim=0.033 wo_sim=0.912 | lr 3.00e-04 | 1.8%
[2026-03-07 14:17:02] step    3750 | loss 4.9003 (recon=1.945 nce=0.764 wo=0.402 decorr=0.469 dimvar=0.029 sts=0.087) [rw=1.95 gw=0.34] | p_sim=0.640 n_sim=0.033 wo_sim=0.927 | lr 3.00e-04 | 1.9%
[2026-03-07 14:17:23] step    3800 | loss 4.8518 (recon=2.012 nce=0.583 wo=0.408 decorr=0.472 dimvar=0.033 sts=0.129) [rw=2.00 gw=0.33] | p_sim=0.649 n_sim=0.043 wo_sim=0.931 | lr 3.00e-04 | 1.9%
[2026-03-07 14:17:44] step    3850 | loss 4.8385 (recon=2.179 nce=0.673 wo=0.376 decorr=0.472 dimvar=0.034 sts=0.058) [rw=2.00 gw=0.31] | p_sim=0.632 n_sim=0.026 wo_sim=0.901 | lr 3.00e-04 | 1.9%
[2026-03-07 14:18:05] step    3900 | loss 4.8332 (recon=1.942 nce=0.716 wo=0.417 decorr=0.477 dimvar=0.033 sts=0.099) [rw=1.94 gw=0.34] | p_sim=0.636 n_sim=0.033 wo_sim=0.939 | lr 3.00e-04 | 1.9%
[2026-03-07 14:18:27] step    3950 | loss 4.7547 (recon=2.214 nce=0.676 wo=0.391 decorr=0.492 dimvar=0.036 sts=0.096) [rw=2.00 gw=0.31] | p_sim=0.633 n_sim=0.025 wo_sim=0.920 | lr 3.00e-04 | 2.0%
[2026-03-07 14:18:48] step    4000 | loss 4.6278 (recon=1.750 nce=0.737 wo=0.372 decorr=0.457 dimvar=0.029 sts=0.124) [rw=1.75 gw=0.36] | p_sim=0.643 n_sim=0.027 wo_sim=0.910 | lr 3.00e-04 | 2.0%
[2026-03-07 14:18:48]   EVAL: para_sim=0.627 wo_sim=0.822 unrelated_sim=0.290 | rank90=49 rank95=62
[2026-03-07 14:18:48]     +0.5499  [paraphrase  ] the massive cat stepped on the rug <-> there was a rug that a massive cat stepped on
[2026-03-07 14:18:48]     +0.7037  [paraphrase  ] the king died <-> the monarch passed away
[2026-03-07 14:18:48]     +0.4175  [crosslingual] the cat sat on the mat <-> le chat etait assis sur le tapis
[2026-03-07 14:18:48]     +0.2898  [unrelated   ] the cat sat on the mat <-> the stock market crashed today
[2026-03-07 14:18:48]     +0.6543  [word_order  ] the dog bit the man <-> the man bit the dog
[2026-03-07 14:18:48]     +0.7637  [binding     ] the purple man licked the sucker <-> the man licked a purple sucker
[2026-03-07 14:18:48]     +0.9247  [word_order  ] alice likes bob <-> bob likes alice
[2026-03-07 14:18:48]     +0.8877  [word_order  ] she gave him a book <-> he gave her a book
[2026-03-07 14:18:48] --- RECONSTRUCTION SAMPLES ---
[2026-03-07 14:18:49]   [DIFF] the purple man licked the sucker
[2026-03-07 14:18:49]         -> the man wearing the purple and the nurses man raised the the broom
[2026-03-07 14:18:49]   [DIFF] the man licked a purple sucker
[2026-03-07 14:18:49]         -> the man a manque a titre les uniformed went into the
[2026-03-07 14:18:49]   [DIFF] the dog bit the man
[2026-03-07 14:18:49]         -> the man manque the nour man dressed in the dog
[2026-03-07 14:18:49]   [DIFF] the man bit the dog
[2026-03-07 14:18:49]         -> the dog dog wore the nour look the man in the
[2026-03-07 14:18:49]   [DIFF] she runs every morning
[2026-03-07 14:18:49]         -> every morning she opened the couche ou sheures,
[2026-03-07 14:19:10] step    4050 | loss 4.5761 (recon=1.881 nce=0.518 wo=0.358 decorr=0.480 dimvar=0.032 sts=0.079) [rw=1.88 gw=0.35] | p_sim=0.678 n_sim=0.023 wo_sim=0.911 | lr 3.00e-04 | 2.0%
[2026-03-07 14:19:31] step    4100 | loss 4.5813 (recon=2.093 nce=0.701 wo=0.374 decorr=0.496 dimvar=0.027 sts=0.094) [rw=2.00 gw=0.32] | p_sim=0.635 n_sim=0.018 wo_sim=0.903 | lr 3.00e-04 | 2.1%
[2026-03-07 14:19:52] step    4150 | loss 4.4883 (recon=1.896 nce=0.578 wo=0.344 decorr=0.457 dimvar=0.036 sts=0.120) [rw=1.90 gw=0.35] | p_sim=0.651 n_sim=0.031 wo_sim=0.885 | lr 3.00e-04 | 2.1%
[2026-03-07 14:20:13] step    4200 | loss 4.3800 (recon=2.394 nce=0.836 wo=0.412 decorr=0.473 dimvar=0.037 sts=0.154) [rw=2.00 gw=0.29] | p_sim=0.638 n_sim=0.028 wo_sim=0.935 | lr 3.00e-04 | 2.1%
[2026-03-07 14:20:34] step    4250 | loss 4.3513 (recon=1.956 nce=0.563 wo=0.332 decorr=0.462 dimvar=0.031 sts=0.098) [rw=1.96 gw=0.34] | p_sim=0.648 n_sim=0.021 wo_sim=0.890 | lr 3.00e-04 | 2.1%
[2026-03-07 14:20:56] step    4300 | loss 4.3152 (recon=2.125 nce=0.510 wo=0.436 decorr=0.479 dimvar=0.029 sts=0.111) [rw=2.00 gw=0.32] | p_sim=0.647 n_sim=0.023 wo_sim=0.942 | lr 3.00e-04 | 2.1%
[2026-03-07 14:21:17] step    4350 | loss 4.2232 (recon=1.961 nce=0.887 wo=0.341 decorr=0.480 dimvar=0.032 sts=0.093) [rw=1.96 gw=0.34] | p_sim=0.604 n_sim=0.025 wo_sim=0.886 | lr 3.00e-04 | 2.2%
[2026-03-07 14:21:38] step    4400 | loss 4.2524 (recon=1.821 nce=0.740 wo=0.356 decorr=0.457 dimvar=0.033 sts=0.139) [rw=1.82 gw=0.35] | p_sim=0.626 n_sim=0.029 wo_sim=0.912 | lr 3.00e-04 | 2.2%
[2026-03-07 14:21:59] step    4450 | loss 4.2812 (recon=1.867 nce=0.810 wo=0.371 decorr=0.456 dimvar=0.037 sts=0.094) [rw=1.87 gw=0.35] | p_sim=0.631 n_sim=0.042 wo_sim=0.912 | lr 3.00e-04 | 2.2%
[2026-03-07 14:22:20] step    4500 | loss 4.1328 (recon=2.280 nce=0.545 wo=0.390 decorr=0.454 dimvar=0.034 sts=0.094) [rw=2.00 gw=0.30] | p_sim=0.675 n_sim=0.022 wo_sim=0.899 | lr 3.00e-04 | 2.2%
[2026-03-07 14:22:20]   EVAL: para_sim=0.579 wo_sim=0.816 unrelated_sim=0.243 | rank90=50 rank95=63
[2026-03-07 14:22:20]     +0.4285  [paraphrase  ] the massive cat stepped on the rug <-> there was a rug that a massive cat stepped on
[2026-03-07 14:22:20]     +0.7295  [paraphrase  ] the king died <-> the monarch passed away
[2026-03-07 14:22:20]     +0.4928  [crosslingual] the cat sat on the mat <-> le chat etait assis sur le tapis
[2026-03-07 14:22:20]     +0.2431  [unrelated   ] the cat sat on the mat <-> the stock market crashed today
[2026-03-07 14:22:20]     +0.6575  [word_order  ] the dog bit the man <-> the man bit the dog
[2026-03-07 14:22:20]     +0.7400  [binding     ] the purple man licked the sucker <-> the man licked a purple sucker
[2026-03-07 14:22:20]     +0.8737  [word_order  ] alice likes bob <-> bob likes alice
[2026-03-07 14:22:20]     +0.9179  [word_order  ] she gave him a book <-> he gave her a book
[2026-03-07 14:22:41] step    4550 | loss 4.1508 (recon=1.891 nce=0.625 wo=0.360 decorr=0.455 dimvar=0.042 sts=0.077) [rw=1.89 gw=0.35] | p_sim=0.649 n_sim=0.024 wo_sim=0.900 | lr 3.00e-04 | 2.3%
[2026-03-07 14:23:02] step    4600 | loss 4.1623 (recon=1.779 nce=0.782 wo=0.347 decorr=0.470 dimvar=0.031 sts=0.111) [rw=1.78 gw=0.36] | p_sim=0.629 n_sim=0.031 wo_sim=0.882 | lr 3.00e-04 | 2.3%
[2026-03-07 14:23:23] step    4650 | loss 4.0567 (recon=1.624 nce=0.700 wo=0.368 decorr=0.455 dimvar=0.031 sts=0.096) [rw=1.62 gw=0.38] | p_sim=0.634 n_sim=0.020 wo_sim=0.897 | lr 3.00e-04 | 2.3%
[2026-03-07 14:23:44] step    4700 | loss 3.9916 (recon=1.834 nce=0.718 wo=0.385 decorr=0.483 dimvar=0.026 sts=0.140) [rw=1.83 gw=0.35] | p_sim=0.620 n_sim=0.027 wo_sim=0.917 | lr 3.00e-04 | 2.4%
[2026-03-07 14:24:06] step    4750 | loss 3.8828 (recon=1.716 nce=0.783 wo=0.376 decorr=0.460 dimvar=0.037 sts=0.086) [rw=1.72 gw=0.37] | p_sim=0.632 n_sim=0.036 wo_sim=0.919 | lr 3.00e-04 | 2.4%
[2026-03-07 14:24:27] step    4800 | loss 3.8123 (recon=2.183 nce=0.593 wo=0.388 decorr=0.476 dimvar=0.034 sts=0.132) [rw=2.00 gw=0.31] | p_sim=0.654 n_sim=0.027 wo_sim=0.914 | lr 3.00e-04 | 2.4%
[2026-03-07 14:24:48] step    4850 | loss 3.8662 (recon=1.697 nce=0.785 wo=0.388 decorr=0.461 dimvar=0.029 sts=0.067) [rw=1.70 gw=0.37] | p_sim=0.600 n_sim=0.018 wo_sim=0.920 | lr 3.00e-04 | 2.4%
[2026-03-07 14:25:09] step    4900 | loss 3.8695 (recon=1.657 nce=0.672 wo=0.406 decorr=0.462 dimvar=0.029 sts=0.070) [rw=1.66 gw=0.38] | p_sim=0.630 n_sim=0.023 wo_sim=0.922 | lr 3.00e-04 | 2.5%
[2026-03-07 14:25:30] step    4950 | loss 3.7617 (recon=1.981 nce=0.657 wo=0.407 decorr=0.462 dimvar=0.031 sts=0.039) [rw=1.98 gw=0.34] | p_sim=0.654 n_sim=0.019 wo_sim=0.929 | lr 3.00e-04 | 2.5%
[2026-03-07 14:25:51] step    5000 | loss 3.7894 (recon=1.773 nce=0.653 wo=0.422 decorr=0.481 dimvar=0.034 sts=0.082) [rw=1.77 gw=0.36] | p_sim=0.640 n_sim=0.020 wo_sim=0.922 | lr 3.00e-04 | 2.5%
[2026-03-07 14:25:51]   EVAL: para_sim=0.628 wo_sim=0.778 unrelated_sim=0.254 | rank90=51 rank95=64
[2026-03-07 14:25:51]     +0.5330  [paraphrase  ] the massive cat stepped on the rug <-> there was a rug that a massive cat stepped on
[2026-03-07 14:25:51]     +0.7230  [paraphrase  ] the king died <-> the monarch passed away
[2026-03-07 14:25:51]     +0.3694  [crosslingual] the cat sat on the mat <-> le chat etait assis sur le tapis
[2026-03-07 14:25:51]     +0.2537  [unrelated   ] the cat sat on the mat <-> the stock market crashed today
[2026-03-07 14:25:51]     +0.5064  [word_order  ] the dog bit the man <-> the man bit the dog
[2026-03-07 14:25:51]     +0.6791  [binding     ] the purple man licked the sucker <-> the man licked a purple sucker
[2026-03-07 14:25:51]     +0.9173  [word_order  ] alice likes bob <-> bob likes alice
[2026-03-07 14:25:51]     +0.9095  [word_order  ] she gave him a book <-> he gave her a book
[2026-03-07 14:25:54]   Checkpoint saved: checkpoints/concept_v4/step_005000.pt
[2026-03-07 14:26:16] step    5050 | loss 3.6620 (recon=1.627 nce=0.641 wo=0.390 decorr=0.469 dimvar=0.029 sts=0.067) [rw=1.63 gw=0.38] | p_sim=0.643 n_sim=0.022 wo_sim=0.909 | lr 3.00e-04 | 2.5%
[2026-03-07 14:26:37] step    5100 | loss 3.5651 (recon=1.661 nce=0.638 wo=0.328 decorr=0.452 dimvar=0.031 sts=0.069) [rw=1.66 gw=0.38] | p_sim=0.649 n_sim=0.023 wo_sim=0.894 | lr 3.00e-04 | 2.5%
[2026-03-07 14:26:58] step    5150 | loss 3.6385 (recon=1.549 nce=0.541 wo=0.405 decorr=0.449 dimvar=0.033 sts=0.086) [rw=1.55 gw=0.39] | p_sim=0.667 n_sim=0.029 wo_sim=0.919 | lr 3.00e-04 | 2.6%
[2026-03-07 14:27:19] step    5200 | loss 3.5325 (recon=1.699 nce=0.793 wo=0.395 decorr=0.440 dimvar=0.039 sts=0.074) [rw=1.70 gw=0.37] | p_sim=0.641 n_sim=0.034 wo_sim=0.923 | lr 3.00e-04 | 2.6%
[2026-03-07 14:27:40] step    5250 | loss 3.3351 (recon=1.470 nce=0.825 wo=0.389 decorr=0.397 dimvar=0.037 sts=0.075) [rw=1.47 gw=0.40] | p_sim=0.636 n_sim=0.067 wo_sim=0.931 | lr 3.00e-04 | 2.6%
[2026-03-07 14:28:02] step    5300 | loss 3.0461 (recon=1.340 nce=0.603 wo=0.338 decorr=0.343 dimvar=0.039 sts=0.077) [rw=1.34 gw=0.43] | p_sim=0.648 n_sim=0.083 wo_sim=0.905 | lr 3.00e-04 | 2.6%
[2026-03-07 14:28:23] step    5350 | loss 2.6819 (recon=1.284 nce=0.659 wo=0.328 decorr=0.301 dimvar=0.039 sts=0.066) [rw=1.28 gw=0.44] | p_sim=0.624 n_sim=0.083 wo_sim=0.908 | lr 3.00e-04 | 2.7%
[2026-03-07 14:28:44] step    5400 | loss 2.3393 (recon=1.376 nce=0.822 wo=0.305 decorr=0.307 dimvar=0.039 sts=0.104) [rw=1.38 gw=0.42] | p_sim=0.605 n_sim=0.065 wo_sim=0.900 | lr 3.00e-04 | 2.7%
[2026-03-07 14:29:05] step    5450 | loss 2.0719 (recon=1.034 nce=0.776 wo=0.325 decorr=0.280 dimvar=0.036 sts=0.072) [rw=1.03 gw=0.49] | p_sim=0.603 n_sim=0.069 wo_sim=0.901 | lr 3.00e-04 | 2.7%
[2026-03-07 14:29:26] step    5500 | loss 1.8560 (recon=1.178 nce=0.725 wo=0.286 decorr=0.266 dimvar=0.037 sts=0.085) [rw=1.18 gw=0.46] | p_sim=0.614 n_sim=0.068 wo_sim=0.880 | lr 3.00e-04 | 2.8%
[2026-03-07 14:29:26]   EVAL: para_sim=0.589 wo_sim=0.786 unrelated_sim=0.174 | rank90=69 rank95=94
[2026-03-07 14:29:26]     +0.5450  [paraphrase  ] the massive cat stepped on the rug <-> there was a rug that a massive cat stepped on
[2026-03-07 14:29:26]     +0.6330  [paraphrase  ] the king died <-> the monarch passed away
[2026-03-07 14:29:26]     +0.3148  [crosslingual] the cat sat on the mat <-> le chat etait assis sur le tapis
[2026-03-07 14:29:26]     +0.1738  [unrelated   ] the cat sat on the mat <-> the stock market crashed today
[2026-03-07 14:29:26]     +0.5217  [word_order  ] the dog bit the man <-> the man bit the dog
[2026-03-07 14:29:26]     +0.3941  [binding     ] the purple man licked the sucker <-> the man licked a purple sucker
[2026-03-07 14:29:26]     +0.8928  [word_order  ] alice likes bob <-> bob likes alice
[2026-03-07 14:29:26]     +0.9440  [word_order  ] she gave him a book <-> he gave her a book
[2026-03-07 14:29:47] step    5550 | loss 1.7485 (recon=0.839 nce=0.687 wo=0.292 decorr=0.253 dimvar=0.034 sts=0.090) [rw=0.84 gw=0.54] | p_sim=0.632 n_sim=0.059 wo_sim=0.888 | lr 3.00e-04 | 2.8%
[2026-03-07 14:30:08] step    5600 | loss 1.7085 (recon=0.874 nce=0.700 wo=0.306 decorr=0.253 dimvar=0.033 sts=0.094) [rw=0.87 gw=0.53] | p_sim=0.645 n_sim=0.050 wo_sim=0.910 | lr 3.00e-04 | 2.8%
[2026-03-07 14:30:30] step    5650 | loss 1.6357 (recon=1.005 nce=0.745 wo=0.288 decorr=0.241 dimvar=0.038 sts=0.074) [rw=1.00 gw=0.50] | p_sim=0.603 n_sim=0.052 wo_sim=0.891 | lr 3.00e-04 | 2.8%
[2026-03-07 14:30:51] step    5700 | loss 1.5784 (recon=0.813 nce=0.703 wo=0.323 decorr=0.258 dimvar=0.044 sts=0.074) [rw=0.81 gw=0.55] | p_sim=0.634 n_sim=0.055 wo_sim=0.913 | lr 3.00e-04 | 2.9%
[2026-03-07 14:31:12] step    5750 | loss 1.5179 (recon=1.349 nce=0.641 wo=0.315 decorr=0.233 dimvar=0.034 sts=0.129) [rw=1.35 gw=0.43] | p_sim=0.615 n_sim=0.049 wo_sim=0.901 | lr 3.00e-04 | 2.9%
[2026-03-07 14:31:33] step    5800 | loss 1.4478 (recon=1.066 nce=0.766 wo=0.253 decorr=0.217 dimvar=0.041 sts=0.093) [rw=1.07 gw=0.48] | p_sim=0.609 n_sim=0.044 wo_sim=0.872 | lr 3.00e-04 | 2.9%
[2026-03-07 14:31:54] step    5850 | loss 1.4020 (recon=0.676 nce=0.581 wo=0.276 decorr=0.211 dimvar=0.034 sts=0.067) [rw=0.68 gw=0.60] | p_sim=0.609 n_sim=0.045 wo_sim=0.890 | lr 3.00e-04 | 2.9%
[2026-03-07 14:32:15] step    5900 | loss 1.3705 (recon=0.790 nce=0.732 wo=0.328 decorr=0.207 dimvar=0.040 sts=0.116) [rw=0.79 gw=0.56] | p_sim=0.599 n_sim=0.046 wo_sim=0.909 | lr 3.00e-04 | 2.9%
[2026-03-07 14:32:36] step    5950 | loss 1.3374 (recon=1.198 nce=0.647 wo=0.317 decorr=0.221 dimvar=0.032 sts=0.095) [rw=1.20 gw=0.46] | p_sim=0.627 n_sim=0.045 wo_sim=0.899 | lr 3.00e-04 | 3.0%
[2026-03-07 14:32:57] step    6000 | loss 1.3358 (recon=0.816 nce=0.626 wo=0.267 decorr=0.207 dimvar=0.035 sts=0.090) [rw=0.82 gw=0.55] | p_sim=0.632 n_sim=0.040 wo_sim=0.881 | lr 3.00e-04 | 3.0%
[2026-03-07 14:32:57]   EVAL: para_sim=0.668 wo_sim=0.807 unrelated_sim=0.432 | rank90=76 rank95=102
[2026-03-07 14:32:57]     +0.6147  [paraphrase  ] the massive cat stepped on the rug <-> there was a rug that a massive cat stepped on
[2026-03-07 14:32:57]     +0.7212  [paraphrase  ] the king died <-> the monarch passed away
[2026-03-07 14:32:57]     +0.5006  [crosslingual] the cat sat on the mat <-> le chat etait assis sur le tapis
[2026-03-07 14:32:57]     +0.4317  [unrelated   ] the cat sat on the mat <-> the stock market crashed today
[2026-03-07 14:32:57]     +0.7248  [word_order  ] the dog bit the man <-> the man bit the dog
[2026-03-07 14:32:57]     +0.8694  [binding     ] the purple man licked the sucker <-> the man licked a purple sucker
[2026-03-07 14:32:57]     +0.8392  [word_order  ] alice likes bob <-> bob likes alice
[2026-03-07 14:32:57]     +0.8571  [word_order  ] she gave him a book <-> he gave her a book
[2026-03-07 14:32:57] --- RECONSTRUCTION SAMPLES ---
[2026-03-07 14:32:57]   [DIFF] the purple man licked the sucker
[2026-03-07 14:32:57]         -> the man
[2026-03-07 14:32:57]   [DIFF] the man licked a purple sucker
[2026-03-07 14:32:57]         -> the man
[2026-03-07 14:32:57]   [DIFF] the dog bit the man
[2026-03-07 14:32:57]         -> the man
[2026-03-07 14:32:57]   [DIFF] the man bit the dog
[2026-03-07 14:32:57]         -> the dog
[2026-03-07 14:32:57]   [DIFF] she runs every morning
[2026-03-07 14:32:57]         -> every morning
[2026-03-07 14:33:18] step    6050 | loss 1.3274 (recon=0.633 nce=0.730 wo=0.242 decorr=0.187 dimvar=0.034 sts=0.118) [rw=0.63 gw=0.61] | p_sim=0.610 n_sim=0.038 wo_sim=0.859 | lr 3.00e-04 | 3.0%
[2026-03-07 14:33:41] step    6100 | loss 1.2755 (recon=0.792 nce=0.550 wo=0.253 decorr=0.196 dimvar=0.040 sts=0.089) [rw=0.79 gw=0.56] | p_sim=0.635 n_sim=0.040 wo_sim=0.871 | lr 3.00e-04 | 3.0%
[2026-03-07 14:34:03] step    6150 | loss 1.2853 (recon=0.836 nce=0.545 wo=0.277 decorr=0.216 dimvar=0.037 sts=0.090) [rw=0.84 gw=0.54] | p_sim=0.646 n_sim=0.049 wo_sim=0.864 | lr 3.00e-04 | 3.1%
[2026-03-07 14:34:24] step    6200 | loss 1.2788 (recon=0.696 nce=0.528 wo=0.260 decorr=0.181 dimvar=0.037 sts=0.063) [rw=0.70 gw=0.59] | p_sim=0.634 n_sim=0.038 wo_sim=0.872 | lr 3.00e-04 | 3.1%
[2026-03-07 14:34:45] step    6250 | loss 1.2453 (recon=0.836 nce=0.479 wo=0.297 decorr=0.197 dimvar=0.039 sts=0.109) [rw=0.84 gw=0.54] | p_sim=0.653 n_sim=0.041 wo_sim=0.902 | lr 3.00e-04 | 3.1%
[2026-03-07 14:35:07] step    6300 | loss 1.2039 (recon=0.796 nce=0.590 wo=0.267 decorr=0.181 dimvar=0.034 sts=0.101) [rw=0.80 gw=0.56] | p_sim=0.628 n_sim=0.038 wo_sim=0.885 | lr 3.00e-04 | 3.1%
[2026-03-07 14:35:28] step    6350 | loss 1.1627 (recon=0.664 nce=0.582 wo=0.252 decorr=0.209 dimvar=0.038 sts=0.100) [rw=0.66 gw=0.60] | p_sim=0.636 n_sim=0.030 wo_sim=0.864 | lr 3.00e-04 | 3.2%
[2026-03-07 14:35:49] step    6400 | loss 1.1707 (recon=0.708 nce=0.549 wo=0.274 decorr=0.176 dimvar=0.040 sts=0.136) [rw=0.71 gw=0.59] | p_sim=0.638 n_sim=0.036 wo_sim=0.865 | lr 3.00e-04 | 3.2%
[2026-03-07 14:36:10] step    6450 | loss 1.1287 (recon=0.778 nce=0.604 wo=0.276 decorr=0.178 dimvar=0.045 sts=0.069) [rw=0.78 gw=0.56] | p_sim=0.620 n_sim=0.036 wo_sim=0.890 | lr 3.00e-04 | 3.2%
[2026-03-07 14:36:31] step    6500 | loss 1.1049 (recon=0.989 nce=0.490 wo=0.300 decorr=0.208 dimvar=0.037 sts=0.068) [rw=0.99 gw=0.50] | p_sim=0.623 n_sim=0.030 wo_sim=0.893 | lr 3.00e-04 | 3.2%
[2026-03-07 14:36:31]   EVAL: para_sim=0.691 wo_sim=0.797 unrelated_sim=0.276 | rank90=76 rank95=103
[2026-03-07 14:36:31]     +0.6169  [paraphrase  ] the massive cat stepped on the rug <-> there was a rug that a massive cat stepped on
[2026-03-07 14:36:31]     +0.7648  [paraphrase  ] the king died <-> the monarch passed away
[2026-03-07 14:36:31]     +0.5003  [crosslingual] the cat sat on the mat <-> le chat etait assis sur le tapis
[2026-03-07 14:36:31]     +0.2762  [unrelated   ] the cat sat on the mat <-> the stock market crashed today
[2026-03-07 14:36:31]     +0.5761  [word_order  ] the dog bit the man <-> the man bit the dog
[2026-03-07 14:36:31]     +0.6388  [binding     ] the purple man licked the sucker <-> the man licked a purple sucker
[2026-03-07 14:36:31]     +0.8807  [word_order  ] alice likes bob <-> bob likes alice
[2026-03-07 14:36:31]     +0.9355  [word_order  ] she gave him a book <-> he gave her a book
[2026-03-07 14:36:52] step    6550 | loss 1.0850 (recon=0.764 nce=0.468 wo=0.318 decorr=0.178 dimvar=0.033 sts=0.115) [rw=0.76 gw=0.57] | p_sim=0.648 n_sim=0.036 wo_sim=0.895 | lr 3.00e-04 | 3.3%
[2026-03-07 14:37:13] step    6600 | loss 1.0647 (recon=0.607 nce=0.610 wo=0.271 decorr=0.165 dimvar=0.035 sts=0.120) [rw=0.61 gw=0.62] | p_sim=0.628 n_sim=0.034 wo_sim=0.888 | lr 3.00e-04 | 3.3%
[2026-03-07 14:37:34] step    6650 | loss 1.0816 (recon=0.549 nce=0.554 wo=0.269 decorr=0.166 dimvar=0.036 sts=0.087) [rw=0.55 gw=0.65] | p_sim=0.626 n_sim=0.027 wo_sim=0.877 | lr 3.00e-04 | 3.3%
[2026-03-07 14:37:56] step    6700 | loss 1.0799 (recon=0.792 nce=0.593 wo=0.259 decorr=0.170 dimvar=0.042 sts=0.074) [rw=0.79 gw=0.56] | p_sim=0.632 n_sim=0.029 wo_sim=0.882 | lr 3.00e-04 | 3.4%
[2026-03-07 14:38:17] step    6750 | loss 1.0720 (recon=0.583 nce=0.650 wo=0.231 decorr=0.169 dimvar=0.040 sts=0.091) [rw=0.58 gw=0.63] | p_sim=0.617 n_sim=0.038 wo_sim=0.867 | lr 3.00e-04 | 3.4%
[2026-03-07 14:38:39] step    6800 | loss 1.0322 (recon=0.526 nce=0.397 wo=0.277 decorr=0.166 dimvar=0.036 sts=0.079) [rw=0.53 gw=0.66] | p_sim=0.672 n_sim=0.029 wo_sim=0.888 | lr 3.00e-04 | 3.4%
[2026-03-07 14:39:01] step    6850 | loss 1.0360 (recon=0.488 nce=0.533 wo=0.227 decorr=0.171 dimvar=0.033 sts=0.059) [rw=0.49 gw=0.67] | p_sim=0.643 n_sim=0.031 wo_sim=0.853 | lr 3.00e-04 | 3.4%
[2026-03-07 14:39:22] step    6900 | loss 1.0462 (recon=1.203 nce=0.441 wo=0.285 decorr=0.214 dimvar=0.035 sts=0.062) [rw=1.20 gw=0.45] | p_sim=0.646 n_sim=0.029 wo_sim=0.894 | lr 3.00e-04 | 3.5%
[2026-03-07 14:39:44] step    6950 | loss 1.0227 (recon=0.701 nce=0.545 wo=0.276 decorr=0.174 dimvar=0.033 sts=0.066) [rw=0.70 gw=0.59] | p_sim=0.641 n_sim=0.033 wo_sim=0.881 | lr 3.00e-04 | 3.5%
[2026-03-07 14:40:05] step    7000 | loss 1.0088 (recon=0.618 nce=0.455 wo=0.288 decorr=0.159 dimvar=0.036 sts=0.127) [rw=0.62 gw=0.62] | p_sim=0.657 n_sim=0.027 wo_sim=0.900 | lr 3.00e-04 | 3.5%
[2026-03-07 14:40:05]   EVAL: para_sim=0.736 wo_sim=0.823 unrelated_sim=0.456 | rank90=75 rank95=102
[2026-03-07 14:40:05]     +0.6704  [paraphrase  ] the massive cat stepped on the rug <-> there was a rug that a massive cat stepped on
[2026-03-07 14:40:05]     +0.8022  [paraphrase  ] the king died <-> the monarch passed away
[2026-03-07 14:40:05]     +0.6174  [crosslingual] the cat sat on the mat <-> le chat etait assis sur le tapis
[2026-03-07 14:40:05]     +0.4564  [unrelated   ] the cat sat on the mat <-> the stock market crashed today
[2026-03-07 14:40:05]     +0.6002  [word_order  ] the dog bit the man <-> the man bit the dog
[2026-03-07 14:40:05]     +0.9195  [binding     ] the purple man licked the sucker <-> the man licked a purple sucker
[2026-03-07 14:40:05]     +0.9313  [word_order  ] alice likes bob <-> bob likes alice
[2026-03-07 14:40:05]     +0.9364  [word_order  ] she gave him a book <-> he gave her a book
[2026-03-07 14:40:27] step    7050 | loss 0.9959 (recon=0.507 nce=0.632 wo=0.242 decorr=0.146 dimvar=0.032 sts=0.070) [rw=0.51 gw=0.66] | p_sim=0.611 n_sim=0.029 wo_sim=0.863 | lr 3.00e-04 | 3.5%
[2026-03-07 14:40:49] step    7100 | loss 0.9822 (recon=0.657 nce=0.740 wo=0.277 decorr=0.163 dimvar=0.036 sts=0.103) [rw=0.66 gw=0.60] | p_sim=0.589 n_sim=0.021 wo_sim=0.888 | lr 3.00e-04 | 3.5%
[2026-03-07 14:41:11] step    7150 | loss 0.9815 (recon=0.894 nce=0.462 wo=0.266 decorr=0.171 dimvar=0.036 sts=0.063) [rw=0.89 gw=0.53] | p_sim=0.639 n_sim=0.024 wo_sim=0.873 | lr 2.99e-04 | 3.6%
[2026-03-07 14:41:29] Shutdown signal received, saving checkpoint...
[2026-03-07 14:41:31]   Checkpoint saved: checkpoints/concept_v4/step_007190.pt
[2026-03-07 14:41:31] Training complete.
